2026-03-04 12:40:53 | INFO | 
Value: -1.4334736982156187, 
Sent at: 1772628053.2947166, 
Received at: 1772628053.3994792, 
Delay: 0.10 seconds
2026-03-04 12:40:53 | INFO | 
PH-Test Detector Results: 
Positive Change: 0, 
Negative Change: 0, 
Change Detected: False, 
Metadata: 
 --- PH_CUSUM_Detector(warmup_period=30, delta=0.5, threshold=2)
2026-03-04 12:40:53 | INFO | --------------------------------------------------
2026-03-04 12:40:53 | INFO | --------------------------------------------------
2026-03-04 12:40:58 | INFO | 
Value: -1.3502268870454417, 
Sent at: 1772628058.3983614, 
Received at: 1772628058.404143, 
Delay: 0.01 seconds
2026-03-04 12:40:58 | INFO | 
PH-Test Detector Results: 
Positive Change: 0, 
Negative Change: 0, 
Change Detected: False, 
Metadata: 
 --- PH_CUSUM_Detector(warmup_period=30, delta=0.5, threshold=2)
2026-03-04 12:40:58 | INFO | --------------------------------------------------
2026-03-04 12:40:58 | INFO | --------------------------------------------------
2026-03-04 12:41:03 | INFO | 
Value: -1.206219930154972, 
Sent at: 1772628063.4014401, 
Received at: 1772628063.407333, 
Delay: 0.01 seconds
2026-03-04 12:41:03 | INFO | 
PH-Test Detector Results: 
Positive Change: 0, 
Negative Change: 0, 
Change Detected: False, 
Metadata: 
 --- PH_CUSUM_Detector(warmup_period=30, delta=0.5, threshold=2)
2026-03-04 12:41:03 | INFO | --------------------------------------------------
2026-03-04 12:41:03 | INFO | --------------------------------------------------
2026-03-04 12:41:08 | INFO | 
Value: -1.3646932957743023, 
Sent at: 1772628068.405287, 
Received at: 1772628068.4111645, 
Delay: 0.01 seconds
2026-03-04 12:41:08 | INFO | 
PH-Test Detector Results: 
Positive Change: 0, 
Negative Change: 0, 
Change Detected: False, 
Metadata: 
 --- PH_CUSUM_Detector(warmup_period=30, delta=0.5, threshold=2)
2026-03-04 12:41:08 | INFO | --------------------------------------------------
2026-03-04 12:41:08 | INFO | --------------------------------------------------
2026-03-04 12:41:13 | INFO | 
Value: -1.3186324296744178, 
Sent at: 1772628073.4080894, 
Received at: 1772628073.414433, 
Delay: 0.01 seconds
2026-03-04 12:41:13 | INFO | 
PH-Test Detector Results: 
Positive Change: 0, 
Negative Change: 0, 
Change Detected: False, 
Metadata: 
 --- PH_CUSUM_Detector(warmup_period=30, delta=0.5, threshold=2)
2026-03-04 12:41:13 | INFO | --------------------------------------------------
2026-03-04 12:41:13 | INFO | --------------------------------------------------
2026-03-04 12:41:21 | INFO | Consumer stopped by user.
